<?xml version="1.0" encoding="UTF-8" ?>
<testsuite tests="9" failures="1" name="TestSuite" time="0.078" errors="0" skipped="2">
  <properties>
[...]
</properties>
  <testcase classname="tests.Testing1" name="f" time="0.007"/>
  <testcase classname="tests.Testing1" name="f" time="0"/>
  <testcase classname="tests.Testing1" name="test1" time="0.034"/>
  <testcase classname="tests.Testing1" name="test2" time="0.001"/>
  <testcase classname="tests.Testing2" name="test3" time="0.029"/>
  <testcase classname="tests.Testing2" name="test4" time="0.002"/>
  <testcase classname="tests.Testing3" name="creatUser" time="0.005">
    <failure message="Veryfing Element expected [true] but found [false]" type="java.lang.AssertionError">java.lang.AssertionError: Veryfing Element expected [true] but found [false]
	at org.testng.Assert.fail(Assert.java:110)
	at org.testng.Assert.failNotEquals(Assert.java:1413)
	at org.testng.Assert.assertTrue(Assert.java:56)
	at tests.Testing3.creatUser(Testing3.java:14)
</failure>
    <system-out>I am in home test
Before assertion
</system-out>
  </testcase>
  <testcase classname="tests.Testing3" name="editUser" time="0">
    <skipped/>
  </testcase>
  <testcase classname="tests.Testing3" name="deleteUser" time="0">
    <skipped/>
  </testcase>
</testsuite>